[INFO] Scanning for projects...
[INFO] 
[INFO] ------------------< ar.edu.itba.edu.sia:gps.examples >------------------
[INFO] Building examples 1.0-SNAPSHOT
[INFO] --------------------------------[ jar ]---------------------------------
[INFO] 
[INFO] --- maven-resources-plugin:3.0.2:resources (default-resources) @ gps.examples ---
[INFO] Using 'UTF-8' encoding to copy filtered resources.
[INFO] skip non existing resourceDirectory /Users/china/Documents/SIA/itba_sia_test/src/main/resources
[INFO] 
[INFO] --- maven-compiler-plugin:3.8.0:compile (default-compile) @ gps.examples ---
[INFO] Nothing to compile - all classes are up to date
[INFO] 
[INFO] --- maven-resources-plugin:3.0.2:testResources (default-testResources) @ gps.examples ---
[INFO] Using 'UTF-8' encoding to copy filtered resources.
[INFO] skip non existing resourceDirectory /Users/china/Documents/SIA/itba_sia_test/src/test/resources
[INFO] 
[INFO] --- maven-compiler-plugin:3.8.0:testCompile (default-testCompile) @ gps.examples ---
[INFO] Nothing to compile - all classes are up to date
[INFO] 
[INFO] --- maven-surefire-plugin:2.22.1:test (default-test) @ gps.examples ---
[INFO] 
[INFO] -------------------------------------------------------
[INFO]  T E S T S
[INFO] -------------------------------------------------------
[INFO] Running ar.edu.itba.sia.gps.eightpuzzle.UnitCostGPSTests
Finding bfs solution
Finding dfs solution
Finding iddfs solution
Finding aStar solution
Finding greedy solution
All engine ran, running the tests
Unit cost OK
[INFO] Tests run: 5, Failures: 0, Errors: 0, Skipped: 0, Time elapsed: 12.461 s - in ar.edu.itba.sia.gps.eightpuzzle.UnitCostGPSTests
[INFO] Running ar.edu.itba.sia.gps.eightpuzzle.NoSolutionTests
Finding bfs solution
Finding dfs solution
Finding iddfs solution
Finding aStar solution
Finding greedy solution
All engine ran, running the tests
Not solution OK
[INFO] Tests run: 9, Failures: 0, Errors: 0, Skipped: 0, Time elapsed: 23.888 s - in ar.edu.itba.sia.gps.eightpuzzle.NoSolutionTests
[INFO] Running ar.edu.itba.sia.gps.eightpuzzle.HeuristicGPSTests
Finding solution for the better heuristic
Finding solution for the worse heuristic
Heuristic engine ran, running the tests
Heuristic OK
[INFO] Tests run: 4, Failures: 0, Errors: 0, Skipped: 0, Time elapsed: 21.25 s - in ar.edu.itba.sia.gps.eightpuzzle.HeuristicGPSTests
[INFO] 
[INFO] Results:
[INFO] 
[INFO] Tests run: 18, Failures: 0, Errors: 0, Skipped: 0
[INFO] 
[INFO] 
[INFO] --- maven-jar-plugin:3.0.2:jar (default-jar) @ gps.examples ---
[INFO] ------------------------------------------------------------------------
[INFO] BUILD SUCCESS
[INFO] ------------------------------------------------------------------------
[INFO] Total time:  59.739 s
[INFO] Finished at: 2019-04-08T10:46:45-03:00
[INFO] ------------------------------------------------------------------------
